  MyForm.cpp
C:\Users\Qasim Li\Desktop\uwuRecorder\uwuRecorder\MyForm.h(511,50): warning C4244: 'argument': conversion from 'float' to '_Ty', possible loss of data
          with
          [
              _Ty=int
          ]
C:\Users\Qasim Li\Desktop\uwuRecorder\uwuRecorder\MyForm.h(526,62): warning C4244: '=': conversion from 'double' to 'float', possible loss of data
C:\Users\Qasim Li\Desktop\uwuRecorder\uwuRecorder\MyForm.h(538,62): warning C4244: '=': conversion from 'double' to 'float', possible loss of data
C:\Users\Qasim Li\Desktop\uwuRecorder\uwuRecorder\MyForm.cpp(12,33): warning C4829: Possibly incorrect parameters to function main. Consider 'int main(Platform::Array<Platform::String^>^ argv)'
  recorder.cpp
C:\Users\Qasim Li\Desktop\uwuRecorder\uwuRecorder\recorder.cpp(57,53): warning C4244: 'argument': conversion from '_Rep' to '_Ty', possible loss of data
          with
          [
              _Rep=__int64
          ]
          and
          [
              _Ty=int
          ]
C:\Users\Qasim Li\Desktop\uwuRecorder\uwuRecorder\recorder.cpp(72,15): warning C4244: 'argument': conversion from 'time_t' to 'unsigned int', possible loss of data
C:\Users\Qasim Li\Desktop\uwuRecorder\uwuRecorder\recorder.cpp(76,19): warning C4244: 'argument': conversion from 'time_t' to 'unsigned int', possible loss of data
C:\Users\Qasim Li\Desktop\uwuRecorder\uwuRecorder\recorder.cpp(89,23): warning C4244: 'argument': conversion from 'float' to 'DWORD', possible loss of data
  .NETFramework,Version=v4.8.AssemblyAttributes.cpp
  Generating Code...
  MyForm.obj : MSIL module encountered; incremental linking is disabled for MSIL; performing full link
  uwuRecorder.vcxproj -> C:\Users\Qasim Li\Desktop\uwuRecorder\x64\Debug\uwuRecorder.exe
